<?xml version="1.0" encoding="UTF-8"?>
<!-- Generated by org.testng.reporters.JUnitReportReporter -->
<testsuite hostname="Rupali" failures="0" tests="3" name="com.excelr.testing.FBApp" time="0.005" errors="0" timestamp="2022-11-21T20:10:24 IST" skipped="0">
  <testcase classname="com.excelr.testing.FBApp" name="sendRequest" time="0.001"/>
  <system-out/>
  <testcase classname="com.excelr.testing.FBApp" name="Open" time="0.002"/>
  <system-out/>
  <testcase classname="com.excelr.testing.FBApp" name="notification" time="0.002"/>
  <system-out/>
</testsuite> <!-- com.excelr.testing.FBApp -->
