<?xml version="1.0" encoding="UTF-8"?>
<!-- Generated by org.testng.reporters.JUnitReportReporter -->
<testsuite hostname="Rupali" failures="0" tests="5" name="com.excelr.testing.TestNGDemo" time="0.015" errors="0" timestamp="2022-11-21T20:10:24 IST" skipped="0">
  <testcase classname="com.excelr.testing.TestNGDemo" name="ValidateLogo" time="0.002"/>
  <system-out/>
  <testcase classname="com.excelr.testing.TestNGDemo" name="ValidateTitle" time="0.004"/>
  <system-out/>
  <testcase classname="com.excelr.testing.TestNGDemo" name="ABCTest" time="0.005"/>
  <system-out/>
  <testcase classname="com.excelr.testing.TestNGDemo" name="ZebraTest" time="0.002"/>
  <system-out/>
  <testcase classname="com.excelr.testing.TestNGDemo" name="ValidateLogin" time="0.002"/>
  <system-out/>
</testsuite> <!-- com.excelr.testing.TestNGDemo -->
