<?xml version="1.0" encoding="UTF-8"?>
<!-- Generated by org.testng.reporters.JUnitReportReporter -->
<testsuite hostname="Rupali" failures="0" tests="3" name="com.excelr.testing.DataProviderDemo" time="16.166" errors="0" timestamp="2022-12-22T14:55:23 IST" skipped="0">
  <testcase classname="com.excelr.testing.DataProviderDemo" name="validateLogin" time="5.045"/>
  <system-out/>
  <testcase classname="com.excelr.testing.DataProviderDemo" name="validateLogin" time="6.175"/>
  <system-out/>
  <testcase classname="com.excelr.testing.DataProviderDemo" name="validateLogin" time="4.946"/>
  <system-out/>
</testsuite> <!-- com.excelr.testing.DataProviderDemo -->
