<?xml version="1.0" encoding="UTF-8"?>
<!-- Generated by org.testng.reporters.JUnitReportReporter -->
<testsuite hostname="Rupali" failures="0" tests="1" name="com.excelr.testing.ParameterXML" time="3.037" errors="0" timestamp="2022-11-08T13:56:22 IST" skipped="0">
  <testcase classname="com.excelr.testing.ParameterXML" name="validateLogin" time="3.037"/>
  <system-out/>
</testsuite> <!-- com.excelr.testing.ParameterXML -->
