<?xml version="1.0" encoding="UTF-8"?>
<!-- Generated by org.testng.reporters.JUnitReportReporter -->
<testsuite hostname="Rupali" failures="0" tests="4" name="com.excelr.testing.DependsOnDemo" time="0.008" errors="0" timestamp="2022-11-21T20:10:24 IST" skipped="0">
  <testcase classname="com.excelr.testing.DependsOnDemo" name="validateLogin" time="0.004"/>
  <system-out/>
  <testcase classname="com.excelr.testing.DependsOnDemo" name="deleteLeave" time="0.001"/>
  <system-out/>
  <testcase classname="com.excelr.testing.DependsOnDemo" name="editLeave" time="0.002"/>
  <system-out/>
  <testcase classname="com.excelr.testing.DependsOnDemo" name="applyLeave" time="0.001"/>
  <system-out/>
</testsuite> <!-- com.excelr.testing.DependsOnDemo -->
