<?xml version="1.0" encoding="UTF-8"?>
<!-- Generated by org.testng.reporters.JUnitReportReporter -->
<testsuite hostname="Rupali" failures="0" tests="3" name="com.excelr.testing.DataProviderDemo" time="7.904" errors="0" timestamp="2022-11-21T14:12:08 IST" skipped="0">
  <testcase classname="com.excelr.testing.DataProviderDemo" name="validateLogin" time="2.324"/>
  <system-out/>
  <testcase classname="com.excelr.testing.DataProviderDemo" name="validateLogin" time="3.561"/>
  <system-out/>
  <testcase classname="com.excelr.testing.DataProviderDemo" name="validateLogin" time="2.019"/>
  <system-out/>
</testsuite> <!-- com.excelr.testing.DataProviderDemo -->
