<?xml version="1.0" encoding="UTF-8"?>
<!-- Generated by org.testng.reporters.JUnitReportReporter -->
<testsuite hostname="Rupali" failures="0" tests="3" name="com.excelr.testing.FBWeb" time="0.009" errors="0" timestamp="2022-11-21T20:10:24 IST" skipped="0">
  <testcase classname="com.excelr.testing.FBWeb" name="Open" time="0.003"/>
  <system-out/>
  <testcase classname="com.excelr.testing.FBWeb" name="notification" time="0.004"/>
  <system-out/>
  <testcase classname="com.excelr.testing.FBWeb" name="sendRequest" time="0.002"/>
  <system-out/>
</testsuite> <!-- com.excelr.testing.FBWeb -->
