<?xml version="1.0" encoding="UTF-8"?>
<!-- Generated by org.testng.reporters.JUnitReportReporter -->
<testsuite hostname="Rupali" failures="0" tests="5" name="com.excelr.testing.TestNGDemo" time="0.004" errors="0" timestamp="17 Nov 2022 16:13:31 GMT">
  <testcase classname="com.excelr.testing.TestNGDemo" name="ValidateLogo" time="0.000"/>
  <testcase classname="com.excelr.testing.TestNGDemo" name="ValidateTitle" time="0.001"/>
  <testcase classname="com.excelr.testing.TestNGDemo" name="ABCTest" time="0.000"/>
  <testcase classname="com.excelr.testing.TestNGDemo" name="ValidateLogin" time="0.001"/>
  <testcase classname="com.excelr.testing.TestNGDemo" name="ZebraTest" time="0.002"/>
</testsuite> <!-- com.excelr.testing.TestNGDemo -->
