<?xml version="1.0" encoding="UTF-8"?>
<!-- Generated by org.testng.reporters.JUnitReportReporter -->
<testsuite hostname="Rupali" failures="0" tests="4" name="com.excelr.testing.DependsOnDemo" time="0.004" errors="0" timestamp="17 Nov 2022 16:13:31 GMT">
  <testcase classname="com.excelr.testing.DependsOnDemo" name="validateLogin" time="0.003"/>
  <testcase classname="com.excelr.testing.DependsOnDemo" name="deleteLeave" time="0.000"/>
  <testcase classname="com.excelr.testing.DependsOnDemo" name="applyLeave" time="0.001"/>
  <testcase classname="com.excelr.testing.DependsOnDemo" name="editLeave" time="0.000"/>
</testsuite> <!-- com.excelr.testing.DependsOnDemo -->
